<?xml version="1.0" encoding="UTF-8"?>
<!-- Generated by org.testng.reporters.JUnitReportReporter -->
<testsuite hostname="prashanthi" failures="0" tests="1" name="vtigerFinalScripts.CreateAndDuplicateLeadTest" time="23.594" errors="0" timestamp="2023-08-29T10:55:49 IST" skipped="0">
  <testcase classname="vtigerFinalScripts.CreateAndDuplicateLeadTest" name="createAndDuplicateLeadTest" time="23.594"/>
</testsuite> <!-- vtigerFinalScripts.CreateAndDuplicateLeadTest -->
