<?xml version="1.0" encoding="UTF-8"?>
<!-- Generated by org.testng.reporters.JUnitReportReporter -->
<testsuite hostname="prashanthi" failures="0" tests="1" name="vtigerFinalScripts.CreateLeadTest" time="20.153" errors="0" timestamp="2023-08-24T18:59:59 IST" skipped="0">
  <testcase classname="vtigerFinalScripts.CreateLeadTest" name="createLeadTest" time="20.153"/>
</testsuite> <!-- vtigerFinalScripts.CreateLeadTest -->
