<?xml version="1.0" encoding="UTF-8"?>
<!-- Generated by org.testng.reporters.JUnitReportReporter -->
<testsuite hostname="prashanthi" failures="0" tests="1" name="vtigerFinalScripts.CreateOrganizationTest" time="28.087" errors="0" timestamp="2023-08-24T19:06:50 IST" skipped="0">
  <testcase classname="vtigerFinalScripts.CreateOrganizationTest" name="createorgTest" time="28.087"/>
</testsuite> <!-- vtigerFinalScripts.CreateOrganizationTest -->
