<?xml version="1.0" encoding="UTF-8"?>
<!-- Generated by org.testng.reporters.JUnitReportReporter -->
<testsuite hostname="prashanthi" failures="0" tests="1" name="vtigerFinalScripts.CreateContactTest" time="26.213" errors="0" timestamp="2023-08-27T18:28:05 IST" skipped="0">
  <testcase classname="vtigerFinalScripts.CreateContactTest" name="createContactTest" time="26.213"/>
</testsuite> <!-- vtigerFinalScripts.CreateContactTest -->
