<?xml version="1.0" encoding="UTF-8"?>
<!-- Generated by org.testng.reporters.JUnitReportReporter -->
<testsuite hostname="prashanthi" failures="0" tests="1" name="vtigerFinalScripts.CreateContactWithOrgTest" time="29.461" errors="0" timestamp="2023-08-24T18:59:24 IST" skipped="0">
  <testcase classname="vtigerFinalScripts.CreateContactWithOrgTest" name="createContactWithOrgTest" time="29.461"/>
</testsuite> <!-- vtigerFinalScripts.CreateContactWithOrgTest -->
