<?xml version="1.0" encoding="UTF-8"?>
<!-- Generated by org.testng.reporters.JUnitReportReporter -->
<testsuite hostname="prashanthi" failures="0" tests="1" name="vtigerFinalScripts.CreateOrganizationTest" time="25.711" errors="0" timestamp="2023-08-27T18:38:52 IST" skipped="0">
  <testcase classname="vtigerFinalScripts.CreateOrganizationTest" name="createorgTest" time="25.711"/>
</testsuite> <!-- vtigerFinalScripts.CreateOrganizationTest -->
