<?xml version="1.0" encoding="UTF-8"?>
<!-- Generated by org.testng.reporters.JUnitReportReporter -->
<testsuite hostname="prashanthi" failures="0" tests="1" name="vtigerFinalScripts.DeleteLeadTest" time="15.022" errors="0" timestamp="2023-08-25T11:29:20 IST" skipped="0">
  <testcase classname="vtigerFinalScripts.DeleteLeadTest" name="deleteLeadTest" time="15.022"/>
</testsuite> <!-- vtigerFinalScripts.DeleteLeadTest -->
